<?xml version="1.0" encoding="UTF-8"?>
<testng-results ignored="0" total="1" passed="1" failed="0" skipped="0">
  <reporter-output>
  </reporter-output>
  <suite started-at="2023-08-03T16:32:17 CDT" name="Default suite" finished-at="2023-08-03T16:32:23 CDT" duration-ms="5583">
    <groups>
    </groups>
    <test started-at="2023-08-03T16:32:17 CDT" name="Default test" finished-at="2023-08-03T16:32:23 CDT" duration-ms="5583">
      <class name="DailyPractice.FastMailTest">
        <test-method signature="login()[pri:0, instance:DailyPractice.FastMailTest@1349883]" started-at="2023-08-03T16:32:17 CDT" name="login" finished-at="2023-08-03T16:32:23 CDT" duration-ms="5508" status="PASS">
          <reporter-output>
          </reporter-output>
        </test-method> <!-- login -->
      </class> <!-- DailyPractice.FastMailTest -->
    </test> <!-- Default test -->
  </suite> <!-- Default suite -->
</testng-results>
