<?xml version="1.0" encoding="UTF-8"?>
<testng-results ignored="0" total="1" passed="1" failed="0" skipped="0">
  <reporter-output>
  </reporter-output>
  <suite started-at="2023-08-09T17:27:17 CDT" name="Default suite" finished-at="2023-08-09T17:27:39 CDT" duration-ms="21597">
    <groups>
    </groups>
    <test started-at="2023-08-09T17:27:17 CDT" name="Default test" finished-at="2023-08-09T17:27:39 CDT" duration-ms="21597">
      <class name="practice.FastMailTest2">
        <test-method signature="method()[pri:0, instance:practice.FastMailTest2@4b29d1d2]" started-at="2023-08-09T17:27:17 CDT" name="method" finished-at="2023-08-09T17:27:39 CDT" duration-ms="21549" status="PASS">
          <reporter-output>
          </reporter-output>
        </test-method> <!-- method -->
      </class> <!-- practice.FastMailTest2 -->
    </test> <!-- Default test -->
  </suite> <!-- Default suite -->
</testng-results>
